<?xml version="1.0" encoding="UTF-8"?>
<!-- Generated by org.testng.reporters.JUnitXMLReporter -->
<testsuite ignored="1" hostname="Shashidhar" failures="0" tests="1" name="Default test" time="2.395" errors="0" timestamp="2023-07-02T12:54:33 IST">
  <testcase classname="github_test_cases.github_testcases" name="CreateRepoDynamic" time="2.366"/>
  <testcase classname="github_test_cases.github_testcases" name="createRepository" time="0.0">
    <ignored/>
  </testcase> <!-- createRepository -->
</testsuite> <!-- Default test -->
